Flutter crash report.
Please report a bug at https://github.com/flutter/flutter/issues.

## command

flutter run

## exception

RPCError: _flutter.renderFrameWithRasterStats: (-32000) Failed to render the last frame with raster stats. Rasterizer does not hold a valid last layer tree. This could happen if this method was invoked before a frame was rendered

```
#0      new _OutstandingRequest (package:vm_service/src/vm_service.dart:1928:45)
#1      VmService._call (package:vm_service/src/vm_service.dart:2493:21)
#2      VmService.callServiceExtension (package:vm_service/src/vm_service.dart:2464:14)
#3      VmService.callMethod (package:vm_service/src/vm_service.dart:2446:12)
#4      FlutterVmService.callMethodWrapper (package:flutter_tools/src/vmservice.dart:579:28)
#5      FlutterVmService.renderFrameWithRasterStats (package:flutter_tools/src/vmservice.dart:679:49)
#6      ResidentHandlers.debugFrameJankMetrics (package:flutter_tools/src/resident_runner.dart:728:35)
<asynchronous suspension>
#7      TerminalHandler.processTerminalInput (package:flutter_tools/src/resident_runner.dart:1831:7)
<asynchronous suspension>
```

## flutter doctor

```
[32m[✓][39m Flutter (Channel stable, 3.13.6, on
    Microsoft Windows [Version 10.0.22621.2283],
    locale en-MY)
    [32m•[39m Flutter version 3.13.6 on channel stable
      at D:\flutter
    [32m•[39m Upstream repository
      https://github.com/flutter/flutter.git
    [32m•[39m Framework revision ead455963c (3 weeks
      ago), 2023-09-26 18:28:17 -0700
    [32m•[39m Engine revision a794cf2681
    [32m•[39m Dart version 3.1.3
    [32m•[39m DevTools version 2.25.0

[32m[✓][39m Windows Version (Installed version of
    Windows is version 10 or higher)

[32m[✓][39m Android toolchain - develop for Android
    devices (Android SDK version 34.0.0)
    [32m•[39m Android SDK at
      C:\Users\izzah\AppData\Local\Android\sdk
    [32m•[39m Platform
      android-UpsideDownCakePrivacySandbox,
      build-tools 34.0.0
    [32m•[39m Java binary at: D:\Android\Android
      Studio\jbr\bin\java
    [32m•[39m Java version OpenJDK Runtime Environment
      (build 17.0.6+0-b2043.56-10027231)
    [32m•[39m All Android licenses accepted.

[32m[✓][39m Chrome - develop for the web
    [32m•[39m Chrome at C:\Program
      Files\Google\Chrome\Application\chrome.exe

[32m[✓][39m Visual Studio - develop Windows apps (Visual
    Studio Community 2022 17.7.5)
    [32m•[39m Visual Studio at C:\Program
      Files\Microsoft Visual
      Studio\2022\Community
    [32m•[39m Visual Studio Community 2022 version
      17.7.34202.233
    [32m•[39m Windows 10 SDK version 10.0.22621.0

[32m[✓][39m Android Studio (version 2022.3)
    [32m•[39m Android Studio at D:\Android\Android
      Studio
    [32m•[39m Flutter plugin can be installed from:
      🔨
      https://plugins.jetbrains.com/plugin/9212-
      flutter
    [32m•[39m Dart plugin can be installed from:
      🔨
      https://plugins.jetbrains.com/plugin/6351-
      dart
    [32m•[39m Java version OpenJDK Runtime Environment
      (build 17.0.6+0-b2043.56-10027231)

[32m[✓][39m VS Code (version unknown)
    [32m•[39m VS Code at
      C:\Users\izzah\AppData\Local\Programs\Micr
      osoft VS Code
    [32m•[39m Flutter extension version 3.74.0
    [31m✗[39m Unable to determine VS Code version.

[32m[✓][39m Connected device (4 available)
    [32m•[39m sdk gphone x86 (mobile) • emulator-5554 •
      android-x86    • Android 11 (API 30)
      (emulator)
    [32m•[39m Windows (desktop)       • windows       •
      windows-x64    • Microsoft Windows
      [Version 10.0.22621.2283]
    [32m•[39m Chrome (web)            • chrome        •
      web-javascript • Google Chrome
      117.0.5938.150
    [32m•[39m Edge (web)              • edge          •
      web-javascript • Microsoft Edge
      118.0.2088.57

[32m[✓][39m Network resources
    [32m•[39m All expected network resources are
      available.

[32m•[39m No issues found!
```
